<?xml version="1.0" encoding="UTF-8"?>
<!-- Generated by org.testng.reporters.JUnitXMLReporter -->
<testsuite ignored="0" hostname="DESKTOP-EVMB93U" failures="0" tests="5" name="FireFox Test" time="18.225" errors="0" timestamp="2023-12-19T17:28:29 TRT">
  <testcase classname="testCases.purchasingProcess" name="@BeforeMethod purchasingProcessBeforeMethod" time="0.01">
    <failure type="org.openqa.selenium.NoSuchWindowException" message="Browsing context has been discarded
Build info: version: &amp;apos;3.141.59&amp;apos;, revision: &amp;apos;e82be7d358&amp;apos;, time: &amp;apos;2018-11-14T08:17:03&amp;apos;
System info: host: &amp;apos;DESKTOP-EVMB93U&amp;apos;, ip: &amp;apos;192.168.1.14&amp;apos;, os.name: &amp;apos;Windows 11&amp;apos;, os.arch: &amp;apos;amd64&amp;apos;, os.version: &amp;apos;10.0&amp;apos;, java.version: &amp;apos;17.0.9&amp;apos;
Driver info: org.openqa.selenium.firefox.FirefoxDriver
Capabilities {acceptInsecureCerts: true, browserName: firefox, browserVersion: 120.0.1, javascriptEnabled: true, moz:accessibilityChecks: false, moz:buildID: 20231129155202, moz:geckodriverVersion: 0.33.0, moz:headless: false, moz:platformVersion: 10.0, moz:processID: 37080, moz:profile: C:\Users\HP\AppData\Local\T..., moz:shutdownTimeout: 60000, moz:webdriverClick: true, moz:windowless: false, pageLoadStrategy: normal, platform: WINDOWS, platformName: WINDOWS, proxy: Proxy(), setWindowRect: true, strictFileInteractability: false, timeouts: {implicit: 0, pageLoad: 300000, script: 30000}, unhandledPromptBehavior: dismiss and notify}
Session ID: 0ccd6395-2d00-44e3-9f95-17287ea86f38">
      <![CDATA[org.openqa.selenium.NoSuchWindowException: Browsing context has been discarded
Build info: version: '3.141.59', revision: 'e82be7d358', time: '2018-11-14T08:17:03'
System info: host: 'DESKTOP-EVMB93U', ip: '192.168.1.14', os.name: 'Windows 11', os.arch: 'amd64', os.version: '10.0', java.version: '17.0.9'
Driver info: org.openqa.selenium.firefox.FirefoxDriver
Capabilities {acceptInsecureCerts: true, browserName: firefox, browserVersion: 120.0.1, javascriptEnabled: true, moz:accessibilityChecks: false, moz:buildID: 20231129155202, moz:geckodriverVersion: 0.33.0, moz:headless: false, moz:platformVersion: 10.0, moz:processID: 37080, moz:profile: C:\Users\HP\AppData\Local\T..., moz:shutdownTimeout: 60000, moz:webdriverClick: true, moz:windowless: false, pageLoadStrategy: normal, platform: WINDOWS, platformName: WINDOWS, proxy: Proxy(), setWindowRect: true, strictFileInteractability: false, timeouts: {implicit: 0, pageLoad: 300000, script: 30000}, unhandledPromptBehavior: dismiss and notify}
Session ID: 0ccd6395-2d00-44e3-9f95-17287ea86f38
at org.openqa.selenium.remote.http.W3CHttpResponseCodec.createException(W3CHttpResponseCodec.java:187)
at org.openqa.selenium.remote.http.W3CHttpResponseCodec.decode(W3CHttpResponseCodec.java:122)
at org.openqa.selenium.remote.http.W3CHttpResponseCodec.decode(W3CHttpResponseCodec.java:49)
at org.openqa.selenium.remote.HttpCommandExecutor.execute(HttpCommandExecutor.java:158)
at org.openqa.selenium.remote.service.DriverCommandExecutor.execute(DriverCommandExecutor.java:83)
at org.openqa.selenium.remote.RemoteWebDriver.execute(RemoteWebDriver.java:552)
at org.openqa.selenium.remote.RemoteWebDriver.get(RemoteWebDriver.java:277)
at org.openqa.selenium.support.ThreadGuard$WebDriverInvocationHandler.invokeUnderlying(ThreadGuard.java:100)
at org.openqa.selenium.support.ThreadGuard$WebDriverInvocationHandler.invoke(ThreadGuard.java:92)
at jdk.proxy2/jdk.proxy2.$Proxy29.get(Unknown Source)
at configurations.configurationTest.openWebSite(configurationTest.java:56)
at testCases.purchasingProcess.purchasingProcessBeforeMethod(purchasingProcess.java:51)
at java.base/java.util.ArrayList.forEach(ArrayList.java:1511)
... Removed 44 stack frames]]>
    </failure>
  </testcase> <!-- @BeforeMethod purchasingProcessBeforeMethod -->
  <testcase classname="testCases.purchasingProcess" name="@AfterMethod purchasingProcessAfterMethod" time="0.0">
    <skipped/>
  </testcase> <!-- @AfterMethod purchasingProcessAfterMethod -->
  <testcase classname="testCases.purchasingProcess" name="@BeforeMethod purchasingProcessBeforeMethod" time="0.0">
    <skipped/>
  </testcase> <!-- @BeforeMethod purchasingProcessBeforeMethod -->
  <testcase classname="testCases.purchasingProcess" name="@AfterMethod purchasingProcessAfterMethod" time="0.0">
    <skipped/>
  </testcase> <!-- @AfterMethod purchasingProcessAfterMethod -->
  <testcase classname="testCases.purchasingProcess" name="@BeforeMethod purchasingProcessBeforeMethod" time="0.0">
    <skipped/>
  </testcase> <!-- @BeforeMethod purchasingProcessBeforeMethod -->
  <testcase classname="testCases.purchasingProcess" name="@AfterMethod purchasingProcessAfterMethod" time="0.0">
    <skipped/>
  </testcase> <!-- @AfterMethod purchasingProcessAfterMethod -->
  <testcase classname="testCases.purchasingProcess" name="@BeforeMethod purchasingProcessBeforeMethod" time="0.0">
    <skipped/>
  </testcase> <!-- @BeforeMethod purchasingProcessBeforeMethod -->
  <testcase classname="testCases.purchasingProcess" name="@AfterMethod purchasingProcessAfterMethod" time="0.0">
    <skipped/>
  </testcase> <!-- @AfterMethod purchasingProcessAfterMethod -->
  <testcase classname="testCases.purchasingProcess" name="@AfterClass purchasingProcessAfterClass" time="0.0">
    <skipped/>
  </testcase> <!-- @AfterClass purchasingProcessAfterClass -->
  <testcase classname="configurations.configurationTest" name="@AfterTest afterTestConfigs" time="0.0">
    <skipped/>
  </testcase> <!-- @AfterTest afterTestConfigs -->
  <testcase classname="testCases.purchasingProcess" name="case01_mainPageBookValidation" time="1.459"/>
  <testcase classname="testCases.purchasingProcess" name="case02_purchasingSingleBook" time="0.0">
    <skipped/>
  </testcase> <!-- case02_purchasingSingleBook -->
  <testcase classname="testCases.purchasingProcess" name="case03_purchasingSameBookMultipleTimes" time="0.0">
    <skipped/>
  </testcase> <!-- case03_purchasingSameBookMultipleTimes -->
  <testcase classname="testCases.purchasingProcess" name="case04_purchasingDifferentBooks" time="0.0">
    <skipped/>
  </testcase> <!-- case04_purchasingDifferentBooks -->
  <testcase classname="testCases.purchasingProcess" name="case05_purchasingDifferentBooks" time="0.0">
    <skipped/>
  </testcase> <!-- case05_purchasingDifferentBooks -->
</testsuite> <!-- FireFox Test -->
